c:\users\nati-pc\desktop\lab4_gestiunefilme\x64\debug\vc142.pdb
c:\users\nati-pc\desktop\lab4_gestiunefilme\x64\debug\vc142.idb
c:\users\nati-pc\desktop\lab4_gestiunefilme\x64\debug\testservice.obj
c:\users\nati-pc\desktop\lab4_gestiunefilme\x64\debug\testrepositoryfile.obj
c:\users\nati-pc\desktop\lab4_gestiunefilme\x64\debug\service.obj
c:\users\nati-pc\desktop\lab4_gestiunefilme\x64\debug\repositoryfile.obj
c:\users\nati-pc\desktop\lab4_gestiunefilme\x64\debug\movie.obj
c:\users\nati-pc\desktop\lab4_gestiunefilme\x64\debug\main.obj
c:\users\nati-pc\desktop\lab4_gestiunefilme\x64\debug\ui.obj
c:\users\nati-pc\desktop\lab4_gestiunefilme\x64\debug\lab4_gestiunefilme.pdb
c:\users\nati-pc\desktop\lab4_gestiunefilme\x64\debug\lab4_ges.002b6b55.tlog\cl.command.1.tlog
c:\users\nati-pc\desktop\lab4_gestiunefilme\x64\debug\lab4_ges.002b6b55.tlog\cl.read.1.tlog
c:\users\nati-pc\desktop\lab4_gestiunefilme\x64\debug\lab4_ges.002b6b55.tlog\cl.write.1.tlog
c:\users\nati-pc\desktop\lab4_gestiunefilme\x64\debug\lab4_ges.002b6b55.tlog\link-cvtres.read.1.tlog
c:\users\nati-pc\desktop\lab4_gestiunefilme\x64\debug\lab4_ges.002b6b55.tlog\link-cvtres.write.1.tlog
c:\users\nati-pc\desktop\lab4_gestiunefilme\x64\debug\lab4_ges.002b6b55.tlog\link-rc.read.1.tlog
c:\users\nati-pc\desktop\lab4_gestiunefilme\x64\debug\lab4_ges.002b6b55.tlog\link-rc.write.1.tlog
c:\users\nati-pc\desktop\lab4_gestiunefilme\x64\debug\lab4_ges.002b6b55.tlog\link.command.1.tlog
c:\users\nati-pc\desktop\lab4_gestiunefilme\x64\debug\lab4_ges.002b6b55.tlog\link.read.1.tlog
c:\users\nati-pc\desktop\lab4_gestiunefilme\x64\debug\lab4_ges.002b6b55.tlog\link.write.1.tlog
